<?xml version="1.0" encoding="UTF-8"?>
<!-- Generated by org.testng.reporters.JUnitReportReporter -->
<testsuite hostname="DESKTOP-GH8EBEI" failures="0" tests="1" name="coverFoxTest.TC11_CoverFox_Appli" time="7.892" errors="0" timestamp="2024-10-13T23:10:29 IST" skipped="0">
  <testcase classname="coverFoxTest.TC11_CoverFox_Appli" name="ValidatetingCoverFox" time="7.892">
    <system-out>
      <![CDATA[Validating text succesfully..]]>
    </system-out>
  </testcase> <!-- ValidatetingCoverFox -->
  <system-out>
    <![CDATA[FemaleT is clicking..
Daughter is clicking..
NextButton is clicking..
selecting agedropdown1..
selecting agedropdown2..
continue button is clicking..
entering pin code ..
entering mobile no ..
continue button clicking ..
Validating text succesfully..]]>
  </system-out>
</testsuite> <!-- coverFoxTest.TC11_CoverFox_Appli -->
